<?xml version="1.0" encoding="UTF-8" ?>
<testsuite tests="19" failures="0" name="features.AcceptanceTest" time="108.801" errors="0" skipped="0">
  <properties>
[...]
</properties>
  <testcase classname="Scenario: Should be able to click on link and navigate" name="Given I navigate to the website" time="0.024"/>
  <testcase classname="Scenario: Should be able to click on link and navigate" name="When I navigate to any link" time="0.001"/>
  <testcase classname="Scenario: Should be able to click on link and navigate" name="Then I am able to navigate successfully" time="0.002"/>
  <testcase classname="Scenario: Should be able to click on link and navigate" name="Scenario: Should be able to click on link and navigate" time="6.133"/>
  <testcase classname="Scenario: Should be able to navigate to Company\&apos;s website" name="Given I navigate to the website" time="0.001"/>
  <testcase classname="Scenario: Should be able to navigate to Company\&apos;s website" name="When I observe the page title" time="0"/>
  <testcase classname="Scenario: Should be able to navigate to Company\&apos;s website" name="Then I should observe the title is \&apos;The Web Testing Book\&apos;" time="0"/>
  <testcase classname="Scenario: Should be able to navigate to Company\&apos;s website" name="Scenario: Should be able to navigate to Company\&apos;s website" time="1.014"/>
  <testcase classname="Scenario: Link should exist" name="Given I navigate to the website" time="0.003"/>
  <testcase classname="Scenario: Link should exist" name="Then I should observe the hyperlink \&apos;Techwell.com\&apos; exists" time="0"/>
  <testcase classname="Scenario: Link should exist" name="Scenario: Link should exist" time="0.929"/>
  <testcase classname="Scenario: Should be able to navigate to web testing handbook" name="Given I navigate to the website" time="0.004"/>
  <testcase classname="Scenario: Should be able to navigate to web testing handbook" name="When I choose the web testing handbook link" time="0.001"/>
  <testcase classname="Scenario: Should be able to navigate to web testing handbook" name="Then I can navigate to \&apos;TechWell\&apos; page successfully" time="0"/>
  <testcase classname="Scenario: Should be able to navigate to web testing handbook" name="Scenario: Should be able to navigate to web testing handbook" time="1.102"/>
  <testcase classname="Scenario: Should be able to open PDF document" name="Given I navigate to the website" time="0.004"/>
  <testcase classname="Scenario: Should be able to open PDF document" name="When I navigate to the PDF document" time="0.001"/>
  <testcase classname="Scenario: Should be able to open PDF document" name="Then I am able to open PDF document successfully" time="0"/>
  <testcase classname="Scenario: Should be able to open PDF document" name="Scenario: Should be able to open PDF document" time="0.816"/>
</testsuite>